{"/workspaces/Tic-tac-toe_with_optimal_AI_telegram_bot/tictactoe-bot-website/game.js": {"path":"/workspaces/Tic-tac-toe_with_optimal_AI_telegram_bot/tictactoe-bot-website/game.js","statementMap":{"0":{"start":{"line":3,"column":2},"end":{"line":3,"column":52}},"1":{"start":{"line":5,"column":0},"end":{"line":5,"column":37}}},"fnMap":{"0":{"name":"initializeBoard","decl":{"start":{"line":2,"column":9},"end":{"line":2,"column":24}},"loc":{"start":{"line":2,"column":27},"end":{"line":4,"column":1}},"line":2}},"branchMap":{},"s":{"0":1,"1":1},"f":{"0":1},"b":{},"_coverageSchema":"1a1c01bbd47fc00a2c39e90264f33305004495a9","hash":"8f9c536233cadebfc71f8f2237bd93698690101d"}
}
